\BOOKMARK [1][-]{section.1}{Introduction}{}% 1
\BOOKMARK [2][-]{subsection.1.1}{Related works}{section.1}% 2
\BOOKMARK [2][-]{subsection.1.2}{Contributions}{section.1}% 3
\BOOKMARK [1][-]{section.2}{The mathematics of epipolar geometry in the generic case}{}% 4
\BOOKMARK [2][-]{subsection.2.1}{Formalisation and notation of projections}{section.2}% 5
\BOOKMARK [2][-]{subsection.2.2}{Definition of the epipolar geometry}{section.2}% 6
\BOOKMARK [2][-]{subsection.2.3}{Existence of the epipolar geometry}{section.2}% 7
\BOOKMARK [2][-]{subsection.2.4}{A local characterization of the epipolar existence}{section.2}% 8
\BOOKMARK [2][-]{subsection.2.5}{Ambiguity of the epipolar geometry}{section.2}% 9
\BOOKMARK [1][-]{section.3}{Proposed method for epipolar geometry resampling}{}% 10
\BOOKMARK [2][-]{subsection.3.1}{Hypothesis and layout}{section.3}% 11
\BOOKMARK [3][-]{subsubsection.3.1.1}{Principles}{subsection.3.1}% 12
\BOOKMARK [3][-]{subsubsection.3.1.2}{Hypothesis}{subsection.3.1}% 13
\BOOKMARK [3][-]{subsubsection.3.1.3}{Estimation of the center and the global direction}{subsection.3.1}% 14
\BOOKMARK [3][-]{subsubsection.3.1.4}{Layout}{subsection.3.1}% 15
\BOOKMARK [3][-]{subsubsection.3.1.5}{Why does our method work?}{subsection.3.1}% 16
\BOOKMARK [2][-]{subsection.3.2}{Detailed implementation}{section.3}% 17
\BOOKMARK [3][-]{subsubsection.3.2.1}{Choice of a parametric functional space}{subsection.3.2}% 18
\BOOKMARK [3][-]{subsubsection.3.2.2}{Imposing constraints on global lines deformation}{subsection.3.2}% 19
\BOOKMARK [3][-]{subsubsection.3.2.3}{Generation of points, computation of the direction and centers}{subsection.3.2}% 20
\BOOKMARK [3][-]{subsubsection.3.2.4}{Estimating the rectification}{subsection.3.2}% 21
\BOOKMARK [2][-]{subsection.3.3}{Epipolar resampling without the geometric model \205 not too happy with this section}{section.3}% 22
\BOOKMARK [1][-]{section.4}{Experiments}{}% 23
\BOOKMARK [2][-]{subsection.4.1}{Satellite images}{section.4}% 24
\BOOKMARK [2][-]{subsection.4.2}{Radar images}{section.4}% 25
\BOOKMARK [2][-]{subsection.4.3}{Images without the geometric model}{section.4}% 26
\BOOKMARK [1][-]{section.5}{Discussion and perspective}{}% 27
