This is pdfTeX, Version 3.14159265-2.6-1.40.18 (TeX Live 2017/Debian) (preloaded format=pdflatex 2020.3.26)  26 AUG 2020 14:41
entering extended mode
 restricted \write18 enabled.
 %&-line parsing enabled.
**Epipolar_ipol.tex
(./Epipolar_ipol.tex
LaTeX2e <2017-04-15>
Babel <3.18> and hyphenation patterns for 11 language(s) loaded.
(./ipol.cls
Document Class: ipol 2015/06/16 v0.5.1 IPOL article class
(/usr/share/texlive/texmf-dist/tex/latex/base/article.cls
Document Class: article 2014/09/29 v1.4h Standard LaTeX document class
(/usr/share/texlive/texmf-dist/tex/latex/base/size12.clo
File: size12.clo 2014/09/29 v1.4h Standard LaTeX file (size option)
)
\c@part=\count79
\c@section=\count80
\c@subsection=\count81
\c@subsubsection=\count82
\c@paragraph=\count83
\c@subparagraph=\count84
\c@figure=\count85
\c@table=\count86
\abovecaptionskip=\skip41
\belowcaptionskip=\skip42
\bibindent=\dimen102
)
(/usr/share/texlive/texmf-dist/tex/latex/graphics/color.sty
Package: color 2016/07/10 v1.1e Standard LaTeX Color (DPC)

(/usr/share/texlive/texmf-dist/tex/latex/graphics-cfg/color.cfg
File: color.cfg 2016/01/02 v1.6 sample color configuration
)
Package color Info: Driver file: pdftex.def on input line 147.

(/usr/share/texlive/texmf-dist/tex/latex/graphics-def/pdftex.def
File: pdftex.def 2018/01/08 v1.0l Graphics/color driver for pdftex
))
(/usr/share/texlive/texmf-dist/tex/latex/hyperref/hyperref.sty
Package: hyperref 2018/02/06 v6.86b Hypertext links for LaTeX

(/usr/share/texlive/texmf-dist/tex/generic/oberdiek/hobsub-hyperref.sty
Package: hobsub-hyperref 2016/05/16 v1.14 Bundle oberdiek, subset hyperref (HO)


(/usr/share/texlive/texmf-dist/tex/generic/oberdiek/hobsub-generic.sty
Package: hobsub-generic 2016/05/16 v1.14 Bundle oberdiek, subset generic (HO)
Package: hobsub 2016/05/16 v1.14 Construct package bundles (HO)
Package: infwarerr 2016/05/16 v1.4 Providing info/warning/error messages (HO)
Package: ltxcmds 2016/05/16 v1.23 LaTeX kernel commands for general use (HO)
Package: ifluatex 2016/05/16 v1.4 Provides the ifluatex switch (HO)
Package ifluatex Info: LuaTeX not detected.
Package: ifvtex 2016/05/16 v1.6 Detect VTeX and its facilities (HO)
Package ifvtex Info: VTeX not detected.
Package: intcalc 2016/05/16 v1.2 Expandable calculations with integers (HO)
Package: ifpdf 2017/03/15 v3.2 Provides the ifpdf switch
Package: etexcmds 2016/05/16 v1.6 Avoid name clashes with e-TeX commands (HO)
Package etexcmds Info: Could not find \expanded.
(etexcmds)             That can mean that you are not using pdfTeX 1.50 or
(etexcmds)             that some package has redefined \expanded.
(etexcmds)             In the latter case, load this package earlier.
Package: kvsetkeys 2016/05/16 v1.17 Key value parser (HO)
Package: kvdefinekeys 2016/05/16 v1.4 Define keys (HO)
Package: pdftexcmds 2018/01/21 v0.26 Utility functions of pdfTeX for LuaTeX (HO
)
Package pdftexcmds Info: LuaTeX not detected.
Package pdftexcmds Info: \pdf@primitive is available.
Package pdftexcmds Info: \pdf@ifprimitive is available.
Package pdftexcmds Info: \pdfdraftmode found.
Package: pdfescape 2016/05/16 v1.14 Implements pdfTeX's escape features (HO)
Package: bigintcalc 2016/05/16 v1.4 Expandable calculations on big integers (HO
)
Package: bitset 2016/05/16 v1.2 Handle bit-vector datatype (HO)
Package: uniquecounter 2016/05/16 v1.3 Provide unlimited unique counter (HO)
)
Package hobsub Info: Skipping package `hobsub' (already loaded).
Package: letltxmacro 2016/05/16 v1.5 Let assignment for LaTeX macros (HO)
Package: hopatch 2016/05/16 v1.3 Wrapper for package hooks (HO)
Package: xcolor-patch 2016/05/16 xcolor patch
Package: atveryend 2016/05/16 v1.9 Hooks at the very end of document (HO)
Package atveryend Info: \enddocument detected (standard20110627).
Package: atbegshi 2016/06/09 v1.18 At begin shipout hook (HO)
Package: refcount 2016/05/16 v3.5 Data extraction from label references (HO)
Package: hycolor 2016/05/16 v1.8 Color options for hyperref/bookmark (HO)
)
(/usr/share/texlive/texmf-dist/tex/latex/graphics/keyval.sty
Package: keyval 2014/10/28 v1.15 key=value parser (DPC)
\KV@toks@=\toks14
)
(/usr/share/texlive/texmf-dist/tex/generic/ifxetex/ifxetex.sty
Package: ifxetex 2010/09/12 v0.6 Provides ifxetex conditional
)
(/usr/share/texlive/texmf-dist/tex/latex/oberdiek/auxhook.sty
Package: auxhook 2016/05/16 v1.4 Hooks for auxiliary files (HO)
)
(/usr/share/texlive/texmf-dist/tex/latex/oberdiek/kvoptions.sty
Package: kvoptions 2016/05/16 v3.12 Key value format for package options (HO)
)
\@linkdim=\dimen103
\Hy@linkcounter=\count87
\Hy@pagecounter=\count88

(/usr/share/texlive/texmf-dist/tex/latex/hyperref/pd1enc.def
File: pd1enc.def 2018/02/06 v6.86b Hyperref: PDFDocEncoding definition (HO)
)
\Hy@SavedSpaceFactor=\count89

(/usr/share/texlive/texmf-dist/tex/latex/latexconfig/hyperref.cfg
File: hyperref.cfg 2002/06/06 v1.2 hyperref configuration of TeXLive
)
Package hyperref Info: Option `colorlinks' set `true' on input line 4383.
Package hyperref Info: Hyper figures OFF on input line 4509.
Package hyperref Info: Link nesting OFF on input line 4514.
Package hyperref Info: Hyper index ON on input line 4517.
Package hyperref Info: Plain pages OFF on input line 4524.
Package hyperref Info: Backreferencing OFF on input line 4529.
Package hyperref Info: Implicit mode ON; LaTeX internals redefined.
Package hyperref Info: Bookmarks ON on input line 4762.
\c@Hy@tempcnt=\count90

(/usr/share/texlive/texmf-dist/tex/latex/url/url.sty
\Urlmuskip=\muskip10
Package: url 2013/09/16  ver 3.4  Verb mode for urls, etc.
)
LaTeX Info: Redefining \url on input line 5115.
\XeTeXLinkMargin=\dimen104
\Fld@menulength=\count91
\Field@Width=\dimen105
\Fld@charsize=\dimen106
Package hyperref Info: Hyper figures OFF on input line 6369.
Package hyperref Info: Link nesting OFF on input line 6374.
Package hyperref Info: Hyper index ON on input line 6377.
Package hyperref Info: backreferencing OFF on input line 6384.
Package hyperref Info: Link coloring ON on input line 6387.
Package hyperref Info: Link coloring with OCG OFF on input line 6394.
Package hyperref Info: PDF/A mode OFF on input line 6399.
LaTeX Info: Redefining \ref on input line 6439.
LaTeX Info: Redefining \pageref on input line 6443.
\Hy@abspage=\count92
\c@Item=\count93
\c@Hfootnote=\count94
)
Package hyperref Info: Driver (autodetected): hpdftex.

(/usr/share/texlive/texmf-dist/tex/latex/hyperref/hpdftex.def
File: hpdftex.def 2018/02/06 v6.86b Hyperref driver for pdfTeX
\Fld@listcount=\count95
\c@bookmark@seq@number=\count96

(/usr/share/texlive/texmf-dist/tex/latex/oberdiek/rerunfilecheck.sty
Package: rerunfilecheck 2016/05/16 v1.8 Rerun checks for auxiliary files (HO)
Package uniquecounter Info: New unique counter `rerunfilecheck' on input line 2
82.
)
\Hy@SectionHShift=\skip43
)
(/usr/share/texlive/texmf-dist/tex/latex/environ/environ.sty
Package: environ 2014/05/04 v0.3 A new way to define environments

(/usr/share/texlive/texmf-dist/tex/latex/trimspaces/trimspaces.sty
Package: trimspaces 2009/09/17 v1.1 Trim spaces around a token list
)
\@envbody=\toks15
)
(/usr/share/texlive/texmf-dist/tex/latex/graphics/graphicx.sty
Package: graphicx 2017/06/01 v1.1a Enhanced LaTeX Graphics (DPC,SPQR)

(/usr/share/texlive/texmf-dist/tex/latex/graphics/graphics.sty
Package: graphics 2017/06/25 v1.2c Standard LaTeX Graphics (DPC,SPQR)

(/usr/share/texlive/texmf-dist/tex/latex/graphics/trig.sty
Package: trig 2016/01/03 v1.10 sin cos tan (DPC)
)
(/usr/share/texlive/texmf-dist/tex/latex/graphics-cfg/graphics.cfg
File: graphics.cfg 2016/06/04 v1.11 sample graphics configuration
)
Package graphics Info: Driver file: pdftex.def on input line 99.
)
\Gin@req@height=\dimen107
\Gin@req@width=\dimen108
)
(/usr/share/texlive/texmf-dist/tex/latex/lastpage/lastpage.sty
Package: lastpage 2015/03/29 v1.2m Refers to last page's name (HMM; JPG)
))
(/usr/share/texlive/texmf-dist/tex/latex/jknapltx/mathrsfs.sty
Package: mathrsfs 1996/01/01 Math RSFS package v1.0 (jk)
\symrsfs=\mathgroup4
)
(/usr/share/texlive/texmf-dist/tex/latex/l3packages/xfrac/xfrac.sty
(/usr/share/texlive/texmf-dist/tex/latex/l3kernel/expl3.sty
Package: expl3 2018/02/21 L3 programming layer (loader) 

(/usr/share/texlive/texmf-dist/tex/latex/l3kernel/expl3-code.tex
Package: expl3 2018/02/21 L3 programming layer (code)
\c_max_int=\count97
\l_tmpa_int=\count98
\l_tmpb_int=\count99
\g_tmpa_int=\count100
\g_tmpb_int=\count101
\g__intarray_font_int=\count102
\g__prg_map_int=\count103
\c_log_iow=\count104
\l_iow_line_count_int=\count105
\l__iow_line_target_int=\count106
\l__iow_one_indent_int=\count107
\l__iow_indent_int=\count108
\c_zero_dim=\dimen109
\c_max_dim=\dimen110
\l_tmpa_dim=\dimen111
\l_tmpb_dim=\dimen112
\g_tmpa_dim=\dimen113
\g_tmpb_dim=\dimen114
\c_zero_skip=\skip44
\c_max_skip=\skip45
\l_tmpa_skip=\skip46
\l_tmpb_skip=\skip47
\g_tmpa_skip=\skip48
\g_tmpb_skip=\skip49
\c_zero_muskip=\muskip11
\c_max_muskip=\muskip12
\l_tmpa_muskip=\muskip13
\l_tmpb_muskip=\muskip14
\g_tmpa_muskip=\muskip15
\g_tmpb_muskip=\muskip16
\l_keys_choice_int=\count109
\c__fp_leading_shift_int=\count110
\c__fp_middle_shift_int=\count111
\c__fp_trailing_shift_int=\count112
\c__fp_big_leading_shift_int=\count113
\c__fp_big_middle_shift_int=\count114
\c__fp_big_trailing_shift_int=\count115
\c__fp_Bigg_leading_shift_int=\count116
\c__fp_Bigg_middle_shift_int=\count117
\c__fp_Bigg_trailing_shift_int=\count118
\c__fp_rand_size_int=\count119
\c__fp_rand_four_int=\count120
\c__fp_rand_eight_int=\count121
\l__sort_length_int=\count122
\l__sort_min_int=\count123
\l__sort_top_int=\count124
\l__sort_max_int=\count125
\l__sort_true_max_int=\count126
\l__sort_block_int=\count127
\l__sort_begin_int=\count128
\l__sort_end_int=\count129
\l__sort_A_int=\count130
\l__sort_B_int=\count131
\l__sort_C_int=\count132
\l__tl_build_start_index_int=\count133
\l__tl_build_index_int=\count134
\l__tl_analysis_normal_int=\count135
\l__tl_analysis_index_int=\count136
\l__tl_analysis_nesting_int=\count137
\l__tl_analysis_type_int=\count138
\l__regex_internal_a_int=\count139
\l__regex_internal_b_int=\count140
\l__regex_internal_c_int=\count141
\l__regex_balance_int=\count142
\l__regex_group_level_int=\count143
\l__regex_mode_int=\count144
\c__regex_cs_in_class_mode_int=\count145
\c__regex_cs_mode_int=\count146
\l__regex_catcodes_int=\count147
\l__regex_default_catcodes_int=\count148
\c__regex_catcode_D_int=\count149
\c__regex_catcode_S_int=\count150
\c__regex_catcode_L_int=\count151
\c__regex_catcode_O_int=\count152
\c__regex_catcode_A_int=\count153
\c__regex_all_catcodes_int=\count154
\l__regex_show_lines_int=\count155
\l__regex_min_state_int=\count156
\l__regex_max_state_int=\count157
\l__regex_left_state_int=\count158
\l__regex_right_state_int=\count159
\l__regex_capturing_group_int=\count160
\l__regex_min_pos_int=\count161
\l__regex_max_pos_int=\count162
\l__regex_curr_pos_int=\count163
\l__regex_start_pos_int=\count164
\l__regex_success_pos_int=\count165
\l__regex_curr_char_int=\count166
\l__regex_curr_catcode_int=\count167
\l__regex_last_char_int=\count168
\l__regex_case_changed_char_int=\count169
\l__regex_curr_state_int=\count170
\l__regex_step_int=\count171
\l__regex_min_active_int=\count172
\l__regex_max_active_int=\count173
\l__regex_replacement_csnames_int=\count174
\l__regex_match_count_int=\count175
\l__regex_min_submatch_int=\count176
\l__regex_submatch_int=\count177
\l__regex_zeroth_submatch_int=\count178
\g__regex_trace_regex_int=\count179
\c_empty_box=\box26
\l_tmpa_box=\box27
\l_tmpb_box=\box28
\g_tmpa_box=\box29
\g_tmpb_box=\box30
\l__box_top_dim=\dimen115
\l__box_bottom_dim=\dimen116
\l__box_left_dim=\dimen117
\l__box_right_dim=\dimen118
\l__box_top_new_dim=\dimen119
\l__box_bottom_new_dim=\dimen120
\l__box_left_new_dim=\dimen121
\l__box_right_new_dim=\dimen122
\l__box_internal_box=\box31
\l__coffin_internal_box=\box32
\l__coffin_internal_dim=\dimen123
\l__coffin_offset_x_dim=\dimen124
\l__coffin_offset_y_dim=\dimen125
\l__coffin_x_dim=\dimen126
\l__coffin_y_dim=\dimen127
\l__coffin_x_prime_dim=\dimen128
\l__coffin_y_prime_dim=\dimen129
\c_empty_coffin=\box33
\l__coffin_aligned_coffin=\box34
\l__coffin_aligned_internal_coffin=\box35
\l_tmpa_coffin=\box36
\l_tmpb_coffin=\box37
\l__coffin_display_coffin=\box38
\l__coffin_display_coord_coffin=\box39
\l__coffin_display_pole_coffin=\box40
\l__coffin_display_offset_dim=\dimen130
\l__coffin_display_x_dim=\dimen131
\l__coffin_display_y_dim=\dimen132
\l__coffin_bounding_shift_dim=\dimen133
\l__coffin_left_corner_dim=\dimen134
\l__coffin_right_corner_dim=\dimen135
\l__coffin_bottom_corner_dim=\dimen136
\l__coffin_top_corner_dim=\dimen137
\l__coffin_scaled_total_height_dim=\dimen138
\l__coffin_scaled_width_dim=\dimen139
)
(/usr/share/texlive/texmf-dist/tex/latex/l3kernel/l3pdfmode.def
File: l3pdfmode.def 2017/03/18 v L3 Experimental driver: PDF mode
\l__driver_color_stack_int=\count180
\l__driver_tmp_box=\box41
))
(/usr/share/texlive/texmf-dist/tex/latex/amsmath/amstext.sty
Package: amstext 2000/06/29 v2.01 AMS text

(/usr/share/texlive/texmf-dist/tex/latex/amsmath/amsgen.sty
File: amsgen.sty 1999/11/30 v2.0 generic functions
\@emptytoks=\toks16
\ex@=\dimen140
))
(/usr/share/texlive/texmf-dist/tex/latex/l3packages/l3keys2e/l3keys2e.sty
Package: l3keys2e 2018/02/21 LaTeX2e option processing using LaTeX3 keys
)
(/usr/share/texlive/texmf-dist/tex/latex/base/textcomp.sty
Package: textcomp 2017/04/05 v2.0i Standard LaTeX package
Package textcomp Info: Sub-encoding information:
(textcomp)               5 = only ISO-Adobe without \textcurrency
(textcomp)               4 = 5 + \texteuro
(textcomp)               3 = 4 + \textohm
(textcomp)               2 = 3 + \textestimated + \textcurrency
(textcomp)               1 = TS1 - \textcircled - \t
(textcomp)               0 = TS1 (full)
(textcomp)             Font families with sub-encoding setting implement
(textcomp)             only a restricted character set as indicated.
(textcomp)             Family '?' is the default used for unknown fonts.
(textcomp)             See the documentation for details.
Package textcomp Info: Setting ? sub-encoding to TS1/1 on input line 79.

(/usr/share/texlive/texmf-dist/tex/latex/base/ts1enc.def
File: ts1enc.def 2001/06/05 v3.0e (jk/car/fm) Standard LaTeX file
)
LaTeX Info: Redefining \oldstylenums on input line 334.
Package textcomp Info: Setting cmr sub-encoding to TS1/0 on input line 349.
Package textcomp Info: Setting cmss sub-encoding to TS1/0 on input line 350.
Package textcomp Info: Setting cmtt sub-encoding to TS1/0 on input line 351.
Package textcomp Info: Setting cmvtt sub-encoding to TS1/0 on input line 352.
Package textcomp Info: Setting cmbr sub-encoding to TS1/0 on input line 353.
Package textcomp Info: Setting cmtl sub-encoding to TS1/0 on input line 354.
Package textcomp Info: Setting ccr sub-encoding to TS1/0 on input line 355.
Package textcomp Info: Setting ptm sub-encoding to TS1/4 on input line 356.
Package textcomp Info: Setting pcr sub-encoding to TS1/4 on input line 357.
Package textcomp Info: Setting phv sub-encoding to TS1/4 on input line 358.
Package textcomp Info: Setting ppl sub-encoding to TS1/3 on input line 359.
Package textcomp Info: Setting pag sub-encoding to TS1/4 on input line 360.
Package textcomp Info: Setting pbk sub-encoding to TS1/4 on input line 361.
Package textcomp Info: Setting pnc sub-encoding to TS1/4 on input line 362.
Package textcomp Info: Setting pzc sub-encoding to TS1/4 on input line 363.
Package textcomp Info: Setting bch sub-encoding to TS1/4 on input line 364.
Package textcomp Info: Setting put sub-encoding to TS1/5 on input line 365.
Package textcomp Info: Setting uag sub-encoding to TS1/5 on input line 366.
Package textcomp Info: Setting ugq sub-encoding to TS1/5 on input line 367.
Package textcomp Info: Setting ul8 sub-encoding to TS1/4 on input line 368.
Package textcomp Info: Setting ul9 sub-encoding to TS1/4 on input line 369.
Package textcomp Info: Setting augie sub-encoding to TS1/5 on input line 370.
Package textcomp Info: Setting dayrom sub-encoding to TS1/3 on input line 371.
Package textcomp Info: Setting dayroms sub-encoding to TS1/3 on input line 372.

Package textcomp Info: Setting pxr sub-encoding to TS1/0 on input line 373.
Package textcomp Info: Setting pxss sub-encoding to TS1/0 on input line 374.
Package textcomp Info: Setting pxtt sub-encoding to TS1/0 on input line 375.
Package textcomp Info: Setting txr sub-encoding to TS1/0 on input line 376.
Package textcomp Info: Setting txss sub-encoding to TS1/0 on input line 377.
Package textcomp Info: Setting txtt sub-encoding to TS1/0 on input line 378.
Package textcomp Info: Setting lmr sub-encoding to TS1/0 on input line 379.
Package textcomp Info: Setting lmdh sub-encoding to TS1/0 on input line 380.
Package textcomp Info: Setting lmss sub-encoding to TS1/0 on input line 381.
Package textcomp Info: Setting lmssq sub-encoding to TS1/0 on input line 382.
Package textcomp Info: Setting lmvtt sub-encoding to TS1/0 on input line 383.
Package textcomp Info: Setting lmtt sub-encoding to TS1/0 on input line 384.
Package textcomp Info: Setting qhv sub-encoding to TS1/0 on input line 385.
Package textcomp Info: Setting qag sub-encoding to TS1/0 on input line 386.
Package textcomp Info: Setting qbk sub-encoding to TS1/0 on input line 387.
Package textcomp Info: Setting qcr sub-encoding to TS1/0 on input line 388.
Package textcomp Info: Setting qcs sub-encoding to TS1/0 on input line 389.
Package textcomp Info: Setting qpl sub-encoding to TS1/0 on input line 390.
Package textcomp Info: Setting qtm sub-encoding to TS1/0 on input line 391.
Package textcomp Info: Setting qzc sub-encoding to TS1/0 on input line 392.
Package textcomp Info: Setting qhvc sub-encoding to TS1/0 on input line 393.
Package textcomp Info: Setting futs sub-encoding to TS1/4 on input line 394.
Package textcomp Info: Setting futx sub-encoding to TS1/4 on input line 395.
Package textcomp Info: Setting futj sub-encoding to TS1/4 on input line 396.
Package textcomp Info: Setting hlh sub-encoding to TS1/3 on input line 397.
Package textcomp Info: Setting hls sub-encoding to TS1/3 on input line 398.
Package textcomp Info: Setting hlst sub-encoding to TS1/3 on input line 399.
Package textcomp Info: Setting hlct sub-encoding to TS1/5 on input line 400.
Package textcomp Info: Setting hlx sub-encoding to TS1/5 on input line 401.
Package textcomp Info: Setting hlce sub-encoding to TS1/5 on input line 402.
Package textcomp Info: Setting hlcn sub-encoding to TS1/5 on input line 403.
Package textcomp Info: Setting hlcw sub-encoding to TS1/5 on input line 404.
Package textcomp Info: Setting hlcf sub-encoding to TS1/5 on input line 405.
Package textcomp Info: Setting pplx sub-encoding to TS1/3 on input line 406.
Package textcomp Info: Setting pplj sub-encoding to TS1/3 on input line 407.
Package textcomp Info: Setting ptmx sub-encoding to TS1/4 on input line 408.
Package textcomp Info: Setting ptmj sub-encoding to TS1/4 on input line 409.
)
(/usr/share/texlive/texmf-dist/tex/latex/l3packages/xparse/xparse.sty
Package: xparse 2018/02/21 L3 Experimental document command parser
\l__xparse_current_arg_int=\count181
\g__xparse_grabber_int=\count182
\l__xparse_m_args_int=\count183
\l__xparse_mandatory_args_int=\count184
\l__xparse_v_nesting_int=\count185
)
(/usr/share/texlive/texmf-dist/tex/latex/l3packages/xtemplate/xtemplate.sty
Package: xtemplate 2018/02/21 L3 Experimental prototype document functions
\l__xtemplate_tmp_dim=\dimen141
\l__xtemplate_tmp_int=\count186
\l__xtemplate_tmp_muskip=\muskip17
\l__xtemplate_tmp_skip=\skip50
)
Package: xfrac 2018/02/21 L3 Experimental split-level fractions
\l__xfrac_slash_box=\box42
\l__xfrac_tmp_box=\box43
\l__xfrac_denominator_bot_sep_dim=\dimen142
\l__xfrac_numerator_bot_sep_dim=\dimen143
\l__xfrac_numerator_top_sep_dim=\dimen144
\l__xfrac_slash_left_sep_dim=\dimen145
\l__xfrac_slash_right_sep_dim=\dimen146
\l__xfrac_slash_left_muskip=\muskip18
\l__xfrac_slash_right_muskip=\muskip19
.................................................
. xtemplate info: "declare-object-type"
. 
. Declaring object type 'xfrac' taking 3 argument(s) on line 80.
.................................................
.................................................
. LaTeX info: "xparse/define-command"
. 
. Defining command \sfrac with sig. 'omom' on line 420.
.................................................
)
(/usr/share/texlive/texmf-dist/tex/latex/amsmath/amsmath.sty
Package: amsmath 2017/09/02 v2.17a AMS math features
\@mathmargin=\skip51

For additional information on amsmath, use the `?' option.
(/usr/share/texlive/texmf-dist/tex/latex/amsmath/amsbsy.sty
Package: amsbsy 1999/11/29 v1.2d Bold Symbols
\pmbraise@=\dimen147
)
(/usr/share/texlive/texmf-dist/tex/latex/amsmath/amsopn.sty
Package: amsopn 2016/03/08 v2.02 operator names
)
\inf@bad=\count187
LaTeX Info: Redefining \frac on input line 213.
\uproot@=\count188
\leftroot@=\count189
LaTeX Info: Redefining \overline on input line 375.
\classnum@=\count190
\DOTSCASE@=\count191
LaTeX Info: Redefining \ldots on input line 472.
LaTeX Info: Redefining \dots on input line 475.
LaTeX Info: Redefining \cdots on input line 596.
\Mathstrutbox@=\box44
\strutbox@=\box45
\big@size=\dimen148
LaTeX Font Info:    Redeclaring font encoding OML on input line 712.
LaTeX Font Info:    Redeclaring font encoding OMS on input line 713.
\macc@depth=\count192
\c@MaxMatrixCols=\count193
\dotsspace@=\muskip20
\c@parentequation=\count194
\dspbrk@lvl=\count195
\tag@help=\toks17
\row@=\count196
\column@=\count197
\maxfields@=\count198
\andhelp@=\toks18
\eqnshift@=\dimen149
\alignsep@=\dimen150
\tagshift@=\dimen151
\tagwidth@=\dimen152
\totwidth@=\dimen153
\lineht@=\dimen154
\@envbody=\toks19
\multlinegap=\skip52
\multlinetaggap=\skip53
\mathdisplay@stack=\toks20
LaTeX Info: Redefining \[ on input line 2817.
LaTeX Info: Redefining \] on input line 2818.
)
(/usr/share/texlive/texmf-dist/tex/latex/amsfonts/amsfonts.sty
Package: amsfonts 2013/01/14 v3.01 Basic AMSFonts support
\symAMSa=\mathgroup5
\symAMSb=\mathgroup6
LaTeX Font Info:    Overwriting math alphabet `\mathfrak' in version `bold'
(Font)                  U/euf/m/n --> U/euf/b/n on input line 106.
)
(/usr/share/texlive/texmf-dist/tex/latex/graphics/rotating.sty
Package: rotating 2016/08/11 v2.16d rotated objects in LaTeX

(/usr/share/texlive/texmf-dist/tex/latex/base/ifthen.sty
Package: ifthen 2014/09/29 v1.1c Standard LaTeX ifthen package (DPC)
)
\c@r@tfl@t=\count199
\rotFPtop=\skip54
\rotFPbot=\skip55
\rot@float@box=\box46
\rot@mess@toks=\toks21
)
(/usr/share/texlive/texmf-dist/tex/latex/fancyvrb/fancyvrb.sty
Package: fancyvrb 2008/02/07

Style option: `fancyvrb' v2.7a, with DG/SPQR fixes, and firstline=lastline fix 
<2008/02/07> (tvz)
\FV@CodeLineNo=\count266
\FV@InFile=\read1
\FV@TabBox=\box47
\c@FancyVerbLine=\count267
\FV@StepNumber=\count268
\FV@OutFile=\write3
)
(/usr/share/texlive/texmf-dist/tex/latex/caption/caption.sty
Package: caption 2016/02/21 v3.3-144 Customizing captions (AR)

(/usr/share/texlive/texmf-dist/tex/latex/caption/caption3.sty
Package: caption3 2016/05/22 v1.7-166 caption3 kernel (AR)
Package caption3 Info: TeX engine: e-TeX on input line 67.
\captionmargin=\dimen155
\captionmargin@=\dimen156
\captionwidth=\dimen157
\caption@tempdima=\dimen158
\caption@indent=\dimen159
\caption@parindent=\dimen160
\caption@hangindent=\dimen161
)
\c@ContinuedFloat=\count269
Package caption Info: hyperref package is loaded.
Package caption Info: rotating package is loaded.
)
(/usr/share/texlive/texmf-dist/tex/latex/caption/subcaption.sty
Package: subcaption 2016/05/22 v1.1-161 Sub-captions (AR)
\c@subfigure=\count270
\c@subtable=\count271
)
(/usr/share/texlive/texmf-dist/tex/latex/base/makeidx.sty
Package: makeidx 2014/09/29 v1.0m Standard LaTeX package
)
(/usr/share/texlive/texmf-dist/tex/latex/preprint/authblk.sty
Package: authblk 2001/02/27 1.3 (PWD)
\affilsep=\skip56
\@affilsep=\skip57
\c@Maxaffil=\count272
\c@authors=\count273
\c@affil=\count274
)
(/usr/share/texlive/texmf-dist/tex/latex/algorithms/algorithm.sty
Package: algorithm 2009/08/24 v0.1 Document Style `algorithm' - floating enviro
nment

(/usr/share/texlive/texmf-dist/tex/latex/float/float.sty
Package: float 2001/11/08 v1.3d Float enhancements (AL)
\c@float@type=\count275
\float@exts=\toks22
\float@box=\box48
\@float@everytoks=\toks23
\@floatcapt=\box49
)
\@float@every@algorithm=\toks24
\c@algorithm=\count276
)
(/usr/share/texlive/texmf-dist/tex/latex/algorithms/algorithmic.sty
Package: algorithmic 2009/08/24 v0.1 Document Style `algorithmic'
\c@ALC@unique=\count277
\c@ALC@line=\count278
\c@ALC@rem=\count279
\c@ALC@depth=\count280
\ALC@tlm=\skip58
\algorithmicindent=\skip59
)
(/usr/share/texlive/texmf-dist/tex/latex/amscls/amsthm.sty
Package: amsthm 2017/10/31 v2.20.4
\thm@style=\toks25
\thm@bodyfont=\toks26
\thm@headfont=\toks27
\thm@notefont=\toks28
\thm@headpunct=\toks29
\thm@preskip=\skip60
\thm@postskip=\skip61
\thm@headsep=\skip62
\dth@everypar=\toks30
)
\c@theorem=\count281
\c@notation=\count282
\c@definition=\count283
\c@remark=\count284
Package color Info: Redefining color magenta on input line 93.

(./Epipolar_ipol.aux)
\openout1 = `Epipolar_ipol.aux'.

LaTeX Font Info:    Checking defaults for OML/cmm/m/it on input line 97.
LaTeX Font Info:    ... okay on input line 97.
LaTeX Font Info:    Checking defaults for T1/cmr/m/n on input line 97.
LaTeX Font Info:    ... okay on input line 97.
LaTeX Font Info:    Checking defaults for OT1/cmr/m/n on input line 97.
LaTeX Font Info:    ... okay on input line 97.
LaTeX Font Info:    Checking defaults for OMS/cmsy/m/n on input line 97.
LaTeX Font Info:    ... okay on input line 97.
LaTeX Font Info:    Checking defaults for OMX/cmex/m/n on input line 97.
LaTeX Font Info:    ... okay on input line 97.
LaTeX Font Info:    Checking defaults for U/cmr/m/n on input line 97.
LaTeX Font Info:    ... okay on input line 97.
LaTeX Font Info:    Checking defaults for PD1/pdf/m/n on input line 97.
LaTeX Font Info:    ... okay on input line 97.
LaTeX Font Info:    Checking defaults for TS1/cmr/m/n on input line 97.
LaTeX Font Info:    Try loading font information for TS1+cmr on input line 97.
 (/usr/share/texlive/texmf-dist/tex/latex/base/ts1cmr.fd
File: ts1cmr.fd 2014/09/29 v2.5h Standard LaTeX font definitions
)
LaTeX Font Info:    ... okay on input line 97.

(/usr/share/texlive/texmf-dist/tex/context/base/mkii/supp-pdf.mkii
[Loading MPS to PDF converter (version 2006.09.02).]
\scratchcounter=\count285
\scratchdimen=\dimen162
\scratchbox=\box50
\nofMPsegments=\count286
\nofMParguments=\count287
\everyMPshowfont=\toks31
\MPscratchCnt=\count288
\MPscratchDim=\dimen163
\MPnumerator=\count289
\makeMPintoPDFobject=\count290
\everyMPtoPDFconversion=\toks32
) (/usr/share/texlive/texmf-dist/tex/latex/oberdiek/epstopdf-base.sty
Package: epstopdf-base 2016/05/15 v2.6 Base part for package epstopdf

(/usr/share/texlive/texmf-dist/tex/latex/oberdiek/grfext.sty
Package: grfext 2016/05/16 v1.2 Manage graphics extensions (HO)
)
Package epstopdf-base Info: Redefining graphics rule for `.eps' on input line 4
38.
Package grfext Info: Graphics extension search list:
(grfext)             [.pdf,.png,.jpg,.mps,.jpeg,.jbig2,.jb2,.PDF,.PNG,.JPG,.JPE
G,.JBIG2,.JB2,.eps]
(grfext)             \AppendGraphicsExtensions on input line 456.

(/usr/share/texlive/texmf-dist/tex/latex/latexconfig/epstopdf-sys.cfg
File: epstopdf-sys.cfg 2010/07/13 v1.3 Configuration of (r)epstopdf for TeX Liv
e
))
\AtBeginShipoutBox=\box51
Package hyperref Info: Link coloring ON on input line 97.

(/usr/share/texlive/texmf-dist/tex/latex/hyperref/nameref.sty
Package: nameref 2016/05/21 v2.44 Cross-referencing by name of section

(/usr/share/texlive/texmf-dist/tex/generic/oberdiek/gettitlestring.sty
Package: gettitlestring 2016/05/16 v1.5 Cleanup title references (HO)
)
\c@section@level=\count291
)
LaTeX Info: Redefining \ref on input line 97.
LaTeX Info: Redefining \pageref on input line 97.
LaTeX Info: Redefining \nameref on input line 97.

(./Epipolar_ipol.out) (./Epipolar_ipol.out)
\@outlinefile=\write4
\openout4 = `Epipolar_ipol.out'.

<ipol_logo.pdf, id=113, 361.35pt x 166.6225pt>
File: ipol_logo.pdf Graphic file (type pdf)
<use ipol_logo.pdf>
Package pdftex.def Info: ipol_logo.pdf  used on input line 97.
(pdftex.def)             Requested size: 163.89162pt x 75.57181pt.
LaTeX Font Info:    Try loading font information for TS1+cmss on input line 97.


(/usr/share/texlive/texmf-dist/tex/latex/base/ts1cmss.fd
File: ts1cmss.fd 2014/09/29 v2.5h Standard LaTeX font definitions
)
LaTeX Font Info:    Try loading font information for U+rsfs on input line 97.

(/usr/share/texlive/texmf-dist/tex/latex/jknapltx/ursfs.fd
File: ursfs.fd 1998/03/24 rsfs font definition file (jk)
)
LaTeX Font Info:    Try loading font information for U+msa on input line 97.

(/usr/share/texlive/texmf-dist/tex/latex/amsfonts/umsa.fd
File: umsa.fd 2013/01/14 v3.01 AMS symbols A
)
LaTeX Font Info:    Try loading font information for U+msb on input line 97.

(/usr/share/texlive/texmf-dist/tex/latex/amsfonts/umsb.fd
File: umsb.fd 2013/01/14 v3.01 AMS symbols B
)
Package lastpage Info: Please have a look at the pageslts package at
(lastpage)             https://www.ctan.org/pkg/pageslts
(lastpage)             ! on input line 97.
Package caption Info: Begin \AtBeginDocument code.
Package caption Info: float package is loaded.
Package caption Info: End \AtBeginDocument code.
 [1

{/var/lib/texmf/fonts/map/pdftex/updmap/pdftex.map} <./ipol_logo.pdf>] [2]
<FIGS/NotaProj.png, id=185, 440.847pt x 328.1058pt>
File: FIGS/NotaProj.png Graphic file (type png)
<use FIGS/NotaProj.png>
Package pdftex.def Info: FIGS/NotaProj.png  used on input line 181.
(pdftex.def)             Requested size: 170.71652pt x 127.05457pt.
 [3 <./FIGS/NotaProj.png>]
<FIGS/NotaBundle.png, id=205, 437.4744pt x 271.0125pt>
File: FIGS/NotaBundle.png Graphic file (type png)
<use FIGS/NotaBundle.png>
Package pdftex.def Info: FIGS/NotaBundle.png  used on input line 248.
(pdftex.def)             Requested size: 256.0748pt x 158.6347pt.
<FIGS/Epip.png, id=208, 547.0839pt x 471.6822pt>
File: FIGS/Epip.png Graphic file (type png)
<use FIGS/Epip.png>
Package pdftex.def Info: FIGS/Epip.png  used on input line 293.
(pdftex.def)             Requested size: 256.0748pt x 220.7838pt.
 [4 <./FIGS/NotaBundle.png>] [5 <./FIGS/Epip.png>]
<FIGS/ClothPathEpip.png, id=240, 467.1051pt x 378.9357pt>
File: FIGS/ClothPathEpip.png Graphic file (type png)
<use FIGS/ClothPathEpip.png>
Package pdftex.def Info: FIGS/ClothPathEpip.png  used on input line 371.
(pdftex.def)             Requested size: 199.16928pt x 161.5746pt.
<FIGS/ClothPathNonEpip.png, id=241, 456.0237pt x 300.4023pt>
File: FIGS/ClothPathNonEpip.png Graphic file (type png)
<use FIGS/ClothPathNonEpip.png>
Package pdftex.def Info: FIGS/ClothPathNonEpip.png  used on input line 372.
(pdftex.def)             Requested size: 199.16928pt x 131.20107pt.
<FIGS/EquadifEpip.png, id=242, 410.9754pt x 357.0138pt>
File: FIGS/EquadifEpip.png Graphic file (type png)
<use FIGS/EquadifEpip.png>
Package pdftex.def Info: FIGS/EquadifEpip.png  used on input line 393.
(pdftex.def)             Requested size: 199.16928pt x 173.01527pt.
 [6 <./FIGS/ClothPathEpip.png> <./FIGS/ClothPathNonEpip.png>] [7 <./FIGS/Equadi
fEpip.png>]
<FIGS/AmbigEpip.png, id=284, 678.3744pt x 567.3195pt>
File: FIGS/AmbigEpip.png Graphic file (type png)
<use FIGS/AmbigEpip.png>
Package pdftex.def Info: FIGS/AmbigEpip.png  used on input line 553.
(pdftex.def)             Requested size: 284.52756pt x 237.95227pt.
 [8] [9 <./FIGS/AmbigEpip.png>]
<FIGS/BadGoodLines.png, id=323, 841.2228pt x 137.7948pt>
File: FIGS/BadGoodLines.png Graphic file (type png)
<use FIGS/BadGoodLines.png>
Package pdftex.def Info: FIGS/BadGoodLines.png  used on input line 629.
(pdftex.def)             Requested size: 284.52756pt x 46.6057pt.
<FIGS/EpipReqOrient.png, id=333, 841.2228pt x 138.5175pt>
File: FIGS/EpipReqOrient.png Graphic file (type png)
<use FIGS/EpipReqOrient.png>
Package pdftex.def Info: FIGS/EpipReqOrient.png  used on input line 667.
(pdftex.def)             Requested size: 284.52756pt x 46.85014pt.
 [10 <./FIGS/BadGoodLines.png>]
Package hyperref Info: bookmark level for unknown algorithm defaults to 0 on in
put line 689.
<FIGS/NonFuncCorresp.png, id=350, 841.2228pt x 241.8636pt>
File: FIGS/NonFuncCorresp.png Graphic file (type png)
<use FIGS/NonFuncCorresp.png>
Package pdftex.def Info: FIGS/NonFuncCorresp.png  used on input line 722.
(pdftex.def)             Requested size: 284.52756pt x 81.80443pt.
 [11 <./FIGS/EpipReqOrient.png> <./FIGS/NonFuncCorresp.png>] [12] [13] [14]
Missing character: There is no Ã in font cmr12!
Missing character: There is no © in font cmr12!
Missing character: There is no Ã in font cmr12!
Missing character: There is no © in font cmr12!
LaTeX Font Info:    Calculating math sizes for size <8.39996> on input line 101
4.


LaTeX Font Warning: Font shape `OT1/cmr/m/n' in size <4.19998> not available
(Font)              size <5> substituted on input line 1014.


LaTeX Font Warning: Font shape `OML/cmm/m/it' in size <4.19998> not available
(Font)              size <5> substituted on input line 1014.


LaTeX Font Warning: Font shape `OMS/cmsy/m/n' in size <4.19998> not available
(Font)              size <5> substituted on input line 1014.


LaTeX Font Warning: Font shape `U/rsfs/m/n' in size <4.19998> not available
(Font)              size <5> substituted on input line 1014.

Missing character: There is no Ã in font cmr12!
Missing character: There is no © in font cmr12!
[15]
Missing character: There is no Ã in font cmr12!
Missing character: There is no © in font cmr12!
Missing character: There is no Ã in font cmr12!
Missing character: There is no © in font cmr12!
Missing character: There is no Ã in font cmr12!
Missing character: There is no © in font cmr12!
Missing character: There is no Ã in font cmr12!
Missing character: There is no © in font cmr12!
Missing character: There is no Ã in font cmr12!
Missing character: There is no © in font cmr12!
Missing character: There is no Ã in font cmr12!
Missing character: There is no ¨ in font cmr12!
<FIGS/ExpCorona_lowres.png, id=442, 733.5405pt x 482.0409pt>
File: FIGS/ExpCorona_lowres.png Graphic file (type png)
<use FIGS/ExpCorona_lowres.png>
Package pdftex.def Info: FIGS/ExpCorona_lowres.png  used on input line 1099.
(pdftex.def)             Requested size: 398.33858pt x 261.7619pt.


LaTeX Warning: `!h' float specifier changed to `!ht'.

<FIGS/escalier_sol.jpeg, id=443, 1002.59518pt x 973.3488pt>
File: FIGS/escalier_sol.jpeg Graphic file (type jpg)
<use FIGS/escalier_sol.jpeg>
Package pdftex.def Info: FIGS/escalier_sol.jpeg  used on input line 1118.
(pdftex.def)             Requested size: 398.33858pt x 386.71866pt.

LaTeX Warning: `!h' float specifier changed to `!ht'.

Missing character: There is no Ã in font cmr12!
Missing character: There is no ª in font cmr12!
Missing character: There is no Ã in font cmr12!
Missing character: There is no ª in font cmr12!
Missing character: There is no Ã in font cmr12!
Missing character: There is no © in font cmr12!
(./Epipolar_ipol.bbl [16] [17 <./FIGS/ExpCorona_lowres.png>] [18 <./FIGS/escali
er_sol.jpeg>]) 
AED: lastpage setting LastPage
[19]
Package atveryend Info: Empty hook `BeforeClearDocument' on input line 1165.
Package atveryend Info: Empty hook `AfterLastShipout' on input line 1165.
 (./Epipolar_ipol.aux)
Package atveryend Info: Executing hook `AtVeryEndDocument' on input line 1165.
Package atveryend Info: Executing hook `AtEndAfterFileList' on input line 1165.

Package rerunfilecheck Info: File `Epipolar_ipol.out' has not changed.
(rerunfilecheck)             Checksum: F975B124F979E8707954E93A5E240DB0;2201.


LaTeX Font Warning: Size substitutions with differences
(Font)              up to 2.90001pt have occurred.

Package atveryend Info: Empty hook `AtVeryVeryEnd' on input line 1165.
 ) 
Here is how much of TeX's memory you used:
 17370 strings out of 494780
 315670 string characters out of 6176876
 397883 words of memory out of 5000000
 20360 multiletter control sequences out of 15000+600000
 549499 words of font info for 103 fonts, out of 8000000 for 9000
 81 hyphenation exceptions out of 8191
 36i,20n,40p,10384b,855s stack positions out of 5000i,500n,10000p,200000b,80000s
 </home/er/.texlive2017/texmf-var/fonts/pk/ljfour/jknappen/ec/tcrm1200.600pk>
 </home/er/.texlive2017/texmf-var/fonts/pk/ljfour/jknappen/ec/tcss0800.600pk></
usr/share/texlive/texmf-dist/fonts/type1/public/amsfonts/cm/cmbx10.pfb></usr/sh
are/texlive/texmf-dist/fonts/type1/public/amsfonts/cm/cmbx12.pfb></usr/share/te
xlive/texmf-dist/fonts/type1/public/amsfonts/cm/cmcsc10.pfb></usr/share/texlive
/texmf-dist/fonts/type1/public/amsfonts/cm/cmex10.pfb></usr/share/texlive/texmf
-dist/fonts/type1/public/amsfonts/cm/cmmi12.pfb></usr/share/texlive/texmf-dist/
fonts/type1/public/amsfonts/cm/cmmi6.pfb></usr/share/texlive/texmf-dist/fonts/t
ype1/public/amsfonts/cm/cmmi8.pfb></usr/share/texlive/texmf-dist/fonts/type1/pu
blic/amsfonts/cm/cmr10.pfb></usr/share/texlive/texmf-dist/fonts/type1/public/am
sfonts/cm/cmr12.pfb></usr/share/texlive/texmf-dist/fonts/type1/public/amsfonts/
cm/cmr6.pfb></usr/share/texlive/texmf-dist/fonts/type1/public/amsfonts/cm/cmr7.
pfb></usr/share/texlive/texmf-dist/fonts/type1/public/amsfonts/cm/cmr8.pfb></us
r/share/texlive/texmf-dist/fonts/type1/public/amsfonts/cm/cmss17.pfb></usr/shar
e/texlive/texmf-dist/fonts/type1/public/amsfonts/cm/cmss8.pfb></usr/share/texli
ve/texmf-dist/fonts/type1/public/amsfonts/cm/cmsy10.pfb></usr/share/texlive/tex
mf-dist/fonts/type1/public/amsfonts/cm/cmsy6.pfb></usr/share/texlive/texmf-dist
/fonts/type1/public/amsfonts/cm/cmsy8.pfb></usr/share/texlive/texmf-dist/fonts/
type1/public/amsfonts/cm/cmti12.pfb></usr/share/texlive/texmf-dist/fonts/type1/
public/amsfonts/cm/cmtt10.pfb></usr/share/texlive/texmf-dist/fonts/type1/public
/amsfonts/cm/cmtt12.pfb></usr/share/texlive/texmf-dist/fonts/type1/public/amsfo
nts/cm/cmtt8.pfb></usr/share/texlive/texmf-dist/fonts/type1/public/amsfonts/sym
bols/msbm10.pfb>
Output written on Epipolar_ipol.pdf (19 pages, 6080988 bytes).
PDF statistics:
 588 PDF objects out of 1000 (max. 8388607)
 511 compressed objects within 6 object streams
 166 named destinations out of 1000 (max. 500000)
 282 words of extra memory for PDF output out of 10000 (max. 10000000)

