\BOOKMARK [-1][-]{part.1}{I Generalities}{}% 1
\BOOKMARK [0][-]{chapter.1}{My first command : set editing}{part.1}% 2
\BOOKMARK [1][-]{section.1.1}{Introduction}{chapter.1}% 3
\BOOKMARK [1][-]{section.1.2}{Algorithms/Photogrammetry}{chapter.1}% 4
\BOOKMARK [1][-]{section.1.3}{User's side\(1\)}{chapter.1}% 5
\BOOKMARK [2][-]{subsection.1.3.1}{Basic notion }{section.1.3}% 6
\BOOKMARK [2][-]{subsection.1.3.2}{Getting help}{section.1.3}% 7
\BOOKMARK [2][-]{subsection.1.3.3}{basic usage}{section.1.3}% 8
\BOOKMARK [3][-]{subsubsection.1.3.3.1}{Exercices}{subsection.1.3.3}% 9
\BOOKMARK [2][-]{subsection.1.3.4}{Optional paramaters}{section.1.3}% 10
\BOOKMARK [3][-]{subsubsection.1.3.4.1}{Out paramater}{subsection.1.3.4}% 11
\BOOKMARK [3][-]{subsubsection.1.3.4.2}{Show paramater}{subsection.1.3.4}% 12
\BOOKMARK [2][-]{subsection.1.3.5}{More help}{section.1.3}% 13
\BOOKMARK [1][-]{section.1.4}{User's side-2, global parameter}{chapter.1}% 14
\BOOKMARK [2][-]{subsection.1.4.1}{Fixing project directory DirProj}{section.1.4}% 15
\BOOKMARK [2][-]{subsection.1.4.2}{Filtering by interval FFI0, FFI1}{section.1.4}% 16
\BOOKMARK [2][-]{subsection.1.4.3}{Redirecting message with StdOut}{section.1.4}% 17
\BOOKMARK [3][-]{subsubsection.1.4.3.1}{Exercices}{subsection.1.4.3}% 18
\BOOKMARK [2][-]{subsection.1.4.4}{Fixing MicMac version for export NumVOut}{section.1.4}% 19
\BOOKMARK [2][-]{subsection.1.4.5}{Predefined semantics}{section.1.4}% 20
\BOOKMARK [3][-]{subsubsection.1.4.5.1}{Generalities}{subsection.1.4.5}% 21
\BOOKMARK [3][-]{subsubsection.1.4.5.2}{Main pattern image [MPI]}{subsection.1.4.5}% 22
\BOOKMARK [3][-]{subsubsection.1.4.5.3}{File of Directory Project [FDP]}{subsection.1.4.5}% 23
\BOOKMARK [1][-]{section.1.5}{User's side-3, most frequent error}{chapter.1}% 24
\BOOKMARK [2][-]{subsection.1.5.1}{Generality}{section.1.5}% 25
\BOOKMARK [2][-]{subsection.1.5.2}{Error BadBool}{section.1.5}% 26
\BOOKMARK [2][-]{subsection.1.5.3}{Error BadOptP}{section.1.5}% 27
\BOOKMARK [2][-]{subsection.1.5.4}{Error MultOptP}{section.1.5}% 28
\BOOKMARK [2][-]{subsection.1.5.5}{Error OpenFile}{section.1.5}% 29
\BOOKMARK [2][-]{subsection.1.5.6}{Error InsufP}{section.1.5}% 30
\BOOKMARK [2][-]{subsection.1.5.7}{Error BadEnum}{section.1.5}% 31
\BOOKMARK [2][-]{subsection.1.5.8}{Error FileSetN}{section.1.5}% 32
\BOOKMARK [2][-]{subsection.1.5.9}{Error IntWithoutS}{section.1.5}% 33
\BOOKMARK [1][-]{section.1.6}{Programmer's side, adding a new command \(1\)}{chapter.1}% 34
\BOOKMARK [2][-]{subsection.1.6.1}{Heriting from cMMVII\137Appli}{section.1.6}% 35
\BOOKMARK [2][-]{subsection.1.6.2}{Link between name an class}{section.1.6}% 36
\BOOKMARK [2][-]{subsection.1.6.3}{Specifying paramaters}{section.1.6}% 37
\BOOKMARK [2][-]{subsection.1.6.4}{Standard access paramaters}{section.1.6}% 38
\BOOKMARK [3][-]{subsubsection.1.6.4.1}{Reading set of name from file with SetNameFromString}{subsection.1.6.4}% 39
\BOOKMARK [3][-]{subsubsection.1.6.4.2}{Main sets with MainSetk}{subsection.1.6.4}% 40
\BOOKMARK [0][-]{chapter.2}{Programming organisation, style ...}{part.1}% 41
\BOOKMARK [1][-]{section.2.1}{Naming convention}{chapter.2}% 42
\BOOKMARK [1][-]{section.2.2}{Never use std::cout, printf \203}{chapter.2}% 43
\BOOKMARK [1][-]{section.2.3}{Encapsulation of boost, stl ..}{chapter.2}% 44
\BOOKMARK [1][-]{section.2.4}{Error handling}{chapter.2}% 45
\BOOKMARK [1][-]{section.2.5}{Memory check}{chapter.2}% 46
\BOOKMARK [1][-]{section.2.6}{Serialization}{chapter.2}% 47
\BOOKMARK [1][-]{section.2.7}{Shared pointer}{chapter.2}% 48
\BOOKMARK [1][-]{section.2.8}{Random number}{chapter.2}% 49
\BOOKMARK [1][-]{section.2.9}{Enum to string}{chapter.2}% 50
\BOOKMARK [0][-]{chapter.3}{Project management command}{part.1}% 51
\BOOKMARK [1][-]{section.3.1}{Help command}{chapter.3}% 52
\BOOKMARK [-1][-]{part.2}{II Methodologies}{}% 53
\BOOKMARK [0][-]{chapter.4}{The "Aime" methods for Tie Points computation}{part.2}% 54
\BOOKMARK [1][-]{section.4.1}{Fast recognition}{chapter.4}% 55
\BOOKMARK [2][-]{subsection.4.1.1}{Motivation}{section.4.1}% 56
\BOOKMARK [2][-]{subsection.4.1.2}{Bits vector}{section.4.1}% 57
\BOOKMARK [1][-]{section.4.2}{Gaussian pyramid}{chapter.4}% 58
\BOOKMARK [2][-]{subsection.4.2.1}{Computing 0}{section.4.2}% 59
\BOOKMARK [1][-]{section.4.3}{Matching by relaxation}{chapter.4}% 60
\BOOKMARK [2][-]{subsection.4.3.1}{Notations}{section.4.3}% 61
\BOOKMARK [2][-]{subsection.4.3.2}{Formulation}{section.4.3}% 62
\BOOKMARK [2][-]{subsection.4.3.3}{Simultaneous \040and \040?}{section.4.3}% 63
\BOOKMARK [3][-]{subsubsection.4.3.3.1}{Classical approach}{subsection.4.3.3}% 64
\BOOKMARK [3][-]{subsubsection.4.3.3.2}{Approach by computing \040first}{subsection.4.3.3}% 65
\BOOKMARK [2][-]{subsection.4.3.4}{Estimation of 0}{section.4.3}% 66
\BOOKMARK [2][-]{subsection.4.3.5}{Basic usage of 0}{section.4.3}% 67
\BOOKMARK [2][-]{subsection.4.3.6}{Relaxation}{section.4.3}% 68
\BOOKMARK [-1][-]{part.3}{III Reference documentation}{}% 69
\BOOKMARK [-1][-]{part.4}{IV Annexes}{}% 70
\BOOKMARK [0][-]{appendix.A}{Bibliography}{part.4}% 71
